<?xml version="1.0" encoding="UTF-8"?>
<!-- Generated by org.testng.reporters.JUnitReportReporter -->
<testsuite hostname="Faizan" failures="0" tests="2" name="Practice.DataProvidereEx" time="0.009" errors="0" timestamp="2023-06-27T11:10:38 IST" skipped="0">
  <testcase classname="Practice.DataProvidereEx" name="bookTickets" time="0.009"/>
  <system-out/>
  <testcase classname="Practice.DataProvidereEx" name="bookTickets" time="0.000"/>
  <system-out/>
</testsuite> <!-- Practice.DataProvidereEx -->
