<?xml version="1.0" encoding="UTF-8"?>
<!-- Generated by org.testng.reporters.JUnitReportReporter -->
<testsuite hostname="Faizan" failures="0" tests="2" name="Practice.HardAssertEx" time="0.014" errors="0" timestamp="2023-06-28T11:10:50 IST" skipped="0">
  <testcase classname="Practice.HardAssertEx" name="m2" time="0.002"/>
  <system-out/>
  <testcase classname="Practice.HardAssertEx" name="m1" time="0.012"/>
  <system-out/>
</testsuite> <!-- Practice.HardAssertEx -->
