<?xml version="1.0" encoding="UTF-8"?>
<!-- Generated by org.testng.reporters.JUnitReportReporter -->
<testsuite hostname="Faizan" failures="0" tests="3" name="Practice.TestNgEx" time="0.012" errors="0" timestamp="2023-06-21T11:32:02 IST" skipped="0">
  <testcase classname="Practice.TestNgEx" name="deleteContact" time="0.011"/>
  <system-out/>
  <testcase classname="Practice.TestNgEx" name="createContact" time="0.001"/>
  <system-out/>
  <testcase classname="Practice.TestNgEx" name="modiftContact" time="0.000"/>
  <system-out/>
</testsuite> <!-- Practice.TestNgEx -->
